{"C:\\Users\\panag\\Desktop\\BitDegree\\BitDegreeFrontEnd\\Sprint_20\\Assignment-7_2\\testing-javascript-code\\src\\add.js": {"path":"C:\\Users\\panag\\Desktop\\BitDegree\\BitDegreeFrontEnd\\Sprint_20\\Assignment-7_2\\testing-javascript-code\\src\\add.js","statementMap":{"0":{"start":{"line":2,"column":2},"end":{"line":4,"column":3}},"1":{"start":{"line":3,"column":4},"end":{"line":3,"column":52}},"2":{"start":{"line":5,"column":2},"end":{"line":5,"column":15}},"3":{"start":{"line":8,"column":0},"end":{"line":8,"column":21}}},"fnMap":{"0":{"name":"add","decl":{"start":{"line":1,"column":9},"end":{"line":1,"column":12}},"loc":{"start":{"line":1,"column":19},"end":{"line":6,"column":1}},"line":1}},"branchMap":{"0":{"loc":{"start":{"line":2,"column":2},"end":{"line":4,"column":3}},"type":"if","locations":[{"start":{"line":2,"column":2},"end":{"line":4,"column":3}},{"start":{},"end":{}}],"line":2},"1":{"loc":{"start":{"line":2,"column":6},"end":{"line":2,"column":50}},"type":"binary-expr","locations":[{"start":{"line":2,"column":6},"end":{"line":2,"column":26}},{"start":{"line":2,"column":30},"end":{"line":2,"column":50}}],"line":2}},"s":{"0":3,"1":1,"2":2,"3":1},"f":{"0":3},"b":{"0":[1,2],"1":[3,2]},"_coverageSchema":"1a1c01bbd47fc00a2c39e90264f33305004495a9","hash":"88ec7a0d22cc22597e132bc3d6cbe9abb905b956"}
,"C:\\Users\\panag\\Desktop\\BitDegree\\BitDegreeFrontEnd\\Sprint_20\\Assignment-7_2\\testing-javascript-code\\src\\filterBiggest.js": {"path":"C:\\Users\\panag\\Desktop\\BitDegree\\BitDegreeFrontEnd\\Sprint_20\\Assignment-7_2\\testing-javascript-code\\src\\filterBiggest.js","statementMap":{"0":{"start":{"line":11,"column":2},"end":{"line":13,"column":3}},"1":{"start":{"line":12,"column":4},"end":{"line":12,"column":55}},"2":{"start":{"line":15,"column":2},"end":{"line":17,"column":3}},"3":{"start":{"line":16,"column":4},"end":{"line":16,"column":56}},"4":{"start":{"line":19,"column":2},"end":{"line":19,"column":44}},"5":{"start":{"line":19,"column":33},"end":{"line":19,"column":42}},"6":{"start":{"line":22,"column":0},"end":{"line":22,"column":38}}},"fnMap":{"0":{"name":"filterBiggestNumbers","decl":{"start":{"line":10,"column":9},"end":{"line":10,"column":29}},"loc":{"start":{"line":10,"column":53},"end":{"line":20,"column":1}},"line":10},"1":{"name":"(anonymous_1)","decl":{"start":{"line":19,"column":24},"end":{"line":19,"column":25}},"loc":{"start":{"line":19,"column":33},"end":{"line":19,"column":42}},"line":19}},"branchMap":{"0":{"loc":{"start":{"line":10,"column":30},"end":{"line":10,"column":42}},"type":"default-arg","locations":[{"start":{"line":10,"column":40},"end":{"line":10,"column":42}}],"line":10},"1":{"loc":{"start":{"line":10,"column":44},"end":{"line":10,"column":51}},"type":"default-arg","locations":[{"start":{"line":10,"column":50},"end":{"line":10,"column":51}}],"line":10},"2":{"loc":{"start":{"line":11,"column":2},"end":{"line":13,"column":3}},"type":"if","locations":[{"start":{"line":11,"column":2},"end":{"line":13,"column":3}},{"start":{},"end":{}}],"line":11},"3":{"loc":{"start":{"line":15,"column":2},"end":{"line":17,"column":3}},"type":"if","locations":[{"start":{"line":15,"column":2},"end":{"line":17,"column":3}},{"start":{},"end":{}}],"line":15}},"s":{"0":0,"1":0,"2":0,"3":0,"4":0,"5":0,"6":1},"f":{"0":0,"1":0},"b":{"0":[0],"1":[0],"2":[0,0],"3":[0,0]},"_coverageSchema":"1a1c01bbd47fc00a2c39e90264f33305004495a9","hash":"20645a34bc9fdd593e594c9174672ed1cf10410a"}
,"C:\\Users\\panag\\Desktop\\BitDegree\\BitDegreeFrontEnd\\Sprint_20\\Assignment-7_2\\testing-javascript-code\\src\\singularOrPlural.js": {"path":"C:\\Users\\panag\\Desktop\\BitDegree\\BitDegreeFrontEnd\\Sprint_20\\Assignment-7_2\\testing-javascript-code\\src\\singularOrPlural.js","statementMap":{"0":{"start":{"line":12,"column":2},"end":{"line":14,"column":3}},"1":{"start":{"line":13,"column":4},"end":{"line":13,"column":76}},"2":{"start":{"line":15,"column":2},"end":{"line":17,"column":3}},"3":{"start":{"line":16,"column":4},"end":{"line":16,"column":20}},"4":{"start":{"line":18,"column":2},"end":{"line":18,"column":16}},"5":{"start":{"line":22,"column":0},"end":{"line":22,"column":37}}},"fnMap":{"0":{"name":"getSinguralOrPlural","decl":{"start":{"line":11,"column":9},"end":{"line":11,"column":28}},"loc":{"start":{"line":11,"column":54},"end":{"line":20,"column":1}},"line":11}},"branchMap":{"0":{"loc":{"start":{"line":12,"column":2},"end":{"line":14,"column":3}},"type":"if","locations":[{"start":{"line":12,"column":2},"end":{"line":14,"column":3}},{"start":{},"end":{}}],"line":12},"1":{"loc":{"start":{"line":12,"column":6},"end":{"line":12,"column":43}},"type":"binary-expr","locations":[{"start":{"line":12,"column":6},"end":{"line":12,"column":15}},{"start":{"line":12,"column":19},"end":{"line":12,"column":43}}],"line":12},"2":{"loc":{"start":{"line":15,"column":2},"end":{"line":17,"column":3}},"type":"if","locations":[{"start":{"line":15,"column":2},"end":{"line":17,"column":3}},{"start":{},"end":{}}],"line":15}},"s":{"0":4,"1":2,"2":2,"3":1,"4":1,"5":1},"f":{"0":4},"b":{"0":[2,2],"1":[4,3],"2":[1,1]},"_coverageSchema":"1a1c01bbd47fc00a2c39e90264f33305004495a9","hash":"54e8f453b627e98334ae6f4d8ebca06f69ab30df"}
}
