TN:
SF:src\add.js
FN:1,add
FNF:1
FNH:1
FNDA:3,add
DA:2,3
DA:3,1
DA:5,2
DA:8,1
LF:4
LH:4
BRDA:2,0,0,1
BRDA:2,0,1,2
BRDA:2,1,0,3
BRDA:2,1,1,2
BRF:4
BRH:4
end_of_record
TN:
SF:src\filterBiggest.js
FN:10,filterBiggestNumbers
FN:19,(anonymous_1)
FNF:2
FNH:0
FNDA:0,filterBiggestNumbers
FNDA:0,(anonymous_1)
DA:11,0
DA:12,0
DA:15,0
DA:16,0
DA:19,0
DA:22,1
LF:6
LH:1
BRDA:10,0,0,0
BRDA:10,1,0,0
BRDA:11,2,0,0
BRDA:11,2,1,0
BRDA:15,3,0,0
BRDA:15,3,1,0
BRF:6
BRH:0
end_of_record
TN:
SF:src\singularOrPlural.js
FN:11,getSinguralOrPlural
FNF:1
FNH:1
FNDA:4,getSinguralOrPlural
DA:12,4
DA:13,2
DA:15,2
DA:16,1
DA:18,1
DA:22,1
LF:6
LH:6
BRDA:12,0,0,2
BRDA:12,0,1,2
BRDA:12,1,0,4
BRDA:12,1,1,3
BRDA:15,2,0,1
BRDA:15,2,1,1
BRF:6
BRH:6
end_of_record
